[2025-03-08 23:04:39.400] [INFO ] [main] [] [itzhuo.system.SystemApplication] [?] [?] - Starting SystemApplication using Java 21.0.5 with PID 8468 (D:\zhuochengtong\Code\20250307-github\spring-learning-backend\system\target\classes started by zhuochengtong in D:\zhuochengtong\Code\20250307-github\spring-learning-backend)
[2025-03-08 23:04:39.401] [INFO ] [main] [] [itzhuo.system.SystemApplication] [?] [?] - The following 1 profile is active: "dev"
[2025-03-08 23:04:39.872] [INFO ] [main] [] [o.s.boot.web.embedded.tomcat.TomcatWebServer] [?] [?] - Tomcat initialized with port 30001 (http)
[2025-03-08 23:04:39.881] [INFO ] [main] [] [org.apache.catalina.core.StandardService] [?] [?] - Starting service [Tomcat]
[2025-03-08 23:04:39.881] [INFO ] [main] [] [org.apache.catalina.core.StandardEngine] [?] [?] - Starting Servlet engine: [Apache Tomcat/10.1.36]
[2025-03-08 23:04:39.913] [INFO ] [main] [] [o.a.c.core.ContainerBase.[Tomcat].[localhost].[/]] [?] [?] - Initializing Spring embedded WebApplicationContext
[2025-03-08 23:04:39.913] [INFO ] [main] [] [o.s.b.w.s.c.ServletWebServerApplicationContext] [?] [?] - Root WebApplicationContext: initialization completed in 491 ms
[2025-03-08 23:04:40.119] [INFO ] [main] [] [o.s.boot.web.embedded.tomcat.TomcatWebServer] [?] [?] - Tomcat started on port 30001 (http) with context path '/'
[2025-03-08 23:04:40.124] [INFO ] [main] [] [itzhuo.system.SystemApplication] [?] [?] - Started SystemApplication in 1.08 seconds (process running for 1.543)
[2025-03-08 23:05:03.078] [INFO ] [SpringApplicationShutdownHook] [] [o.s.boot.web.embedded.tomcat.GracefulShutdown] [?] [?] - Commencing graceful shutdown. Waiting for active requests to complete
[2025-03-08 23:05:03.088] [INFO ] [tomcat-shutdown] [] [o.s.boot.web.embedded.tomcat.GracefulShutdown] [?] [?] - Graceful shutdown complete
[2025-03-08 23:05:05.023] [INFO ] [main] [] [itzhuo.system.SystemApplication] [?] [?] - Starting SystemApplication using Java 21.0.5 with PID 14492 (D:\zhuochengtong\Code\20250307-github\spring-learning-backend\system\target\classes started by zhuochengtong in D:\zhuochengtong\Code\20250307-github\spring-learning-backend)
[2025-03-08 23:05:05.024] [INFO ] [main] [] [itzhuo.system.SystemApplication] [?] [?] - The following 1 profile is active: "dev"
[2025-03-08 23:05:05.491] [INFO ] [main] [] [o.s.boot.web.embedded.tomcat.TomcatWebServer] [?] [?] - Tomcat initialized with port 30001 (http)
[2025-03-08 23:05:05.499] [INFO ] [main] [] [org.apache.catalina.core.StandardService] [?] [?] - Starting service [Tomcat]
[2025-03-08 23:05:05.499] [INFO ] [main] [] [org.apache.catalina.core.StandardEngine] [?] [?] - Starting Servlet engine: [Apache Tomcat/10.1.36]
[2025-03-08 23:05:05.528] [INFO ] [main] [] [o.a.c.core.ContainerBase.[Tomcat].[localhost].[/]] [?] [?] - Initializing Spring embedded WebApplicationContext
[2025-03-08 23:05:05.529] [INFO ] [main] [] [o.s.b.w.s.c.ServletWebServerApplicationContext] [?] [?] - Root WebApplicationContext: initialization completed in 479 ms
[2025-03-08 23:05:05.746] [INFO ] [main] [] [o.s.boot.web.embedded.tomcat.TomcatWebServer] [?] [?] - Tomcat started on port 30001 (http) with context path '/'
[2025-03-08 23:05:05.751] [INFO ] [main] [] [itzhuo.system.SystemApplication] [?] [?] - Started SystemApplication in 1.052 seconds (process running for 1.445)
